[0.766s] Invoking command in '/home/malori/ros2_ws/bluerov': DEBUGINFOD_URLS=https://debuginfod.ubuntu.com PYTHONPATH=/home/malori/ros2_ws/bluerov/build/bluerov/prefix_override:/usr/lib/python3/dist-packages/colcon_core/task/python/colcon_distutils_commands:/home/malori/ros2_ws/bluerov/install/bluerov/lib/python3.12/site-packages:${PYTHONPATH} /usr/bin/python3 -W ignore:setup.py install is deprecated -W ignore:easy_install command is deprecated setup.py egg_info --egg-base build/bluerov build --build-base /home/malori/ros2_ws/bluerov/build/bluerov/build install --record /home/malori/ros2_ws/bluerov/build/bluerov/install.log --single-version-externally-managed install_data
[0.926s] running egg_info
[0.937s] writing build/bluerov/bluerov.egg-info/PKG-INFO
[0.937s] writing dependency_links to build/bluerov/bluerov.egg-info/dependency_links.txt
[0.937s] writing entry points to build/bluerov/bluerov.egg-info/entry_points.txt
[0.937s] writing requirements to build/bluerov/bluerov.egg-info/requires.txt
[0.937s] writing top-level names to build/bluerov/bluerov.egg-info/top_level.txt
[0.959s] reading manifest file 'build/bluerov/bluerov.egg-info/SOURCES.txt'
[0.959s] adding license file 'LICENSE'
[0.959s] writing manifest file 'build/bluerov/bluerov.egg-info/SOURCES.txt'
[0.959s] running build
[0.959s] running build_py
[0.959s] copying bluerov/data_collector.py -> /home/malori/ros2_ws/bluerov/build/bluerov/build/lib/bluerov
[0.959s] running install
[0.964s] running install_lib
[0.975s] copying /home/malori/ros2_ws/bluerov/build/bluerov/build/lib/bluerov/data_collector.py -> /home/malori/ros2_ws/bluerov/install/bluerov/lib/python3.12/site-packages/bluerov
[0.975s] byte-compiling /home/malori/ros2_ws/bluerov/install/bluerov/lib/python3.12/site-packages/bluerov/data_collector.py to data_collector.cpython-312.pyc
[0.976s] running install_data
[0.976s] running install_egg_info
[0.987s] removing '/home/malori/ros2_ws/bluerov/install/bluerov/lib/python3.12/site-packages/bluerov-0.0.0-py3.12.egg-info' (and everything under it)
[0.987s] Copying build/bluerov/bluerov.egg-info to /home/malori/ros2_ws/bluerov/install/bluerov/lib/python3.12/site-packages/bluerov-0.0.0-py3.12.egg-info
[0.988s] running install_scripts
[1.073s] Installing data_collector script to /home/malori/ros2_ws/bluerov/install/bluerov/lib/bluerov
[1.073s] writing list of installed files to '/home/malori/ros2_ws/bluerov/build/bluerov/install.log'
[1.104s] Invoked command in '/home/malori/ros2_ws/bluerov' returned '0': DEBUGINFOD_URLS=https://debuginfod.ubuntu.com PYTHONPATH=/home/malori/ros2_ws/bluerov/build/bluerov/prefix_override:/usr/lib/python3/dist-packages/colcon_core/task/python/colcon_distutils_commands:/home/malori/ros2_ws/bluerov/install/bluerov/lib/python3.12/site-packages:${PYTHONPATH} /usr/bin/python3 -W ignore:setup.py install is deprecated -W ignore:easy_install command is deprecated setup.py egg_info --egg-base build/bluerov build --build-base /home/malori/ros2_ws/bluerov/build/bluerov/build install --record /home/malori/ros2_ws/bluerov/build/bluerov/install.log --single-version-externally-managed install_data
