running egg_info
writing build/bluerov/bluerov.egg-info/PKG-INFO
writing dependency_links to build/bluerov/bluerov.egg-info/dependency_links.txt
writing entry points to build/bluerov/bluerov.egg-info/entry_points.txt
writing requirements to build/bluerov/bluerov.egg-info/requires.txt
writing top-level names to build/bluerov/bluerov.egg-info/top_level.txt
reading manifest file 'build/bluerov/bluerov.egg-info/SOURCES.txt'
adding license file 'LICENSE'
writing manifest file 'build/bluerov/bluerov.egg-info/SOURCES.txt'
running build
running build_py
running install
running install_lib
running install_data
running install_egg_info
removing '/home/malori/ros2_ws/bluerov/install/bluerov/lib/python3.12/site-packages/bluerov-0.0.0-py3.12.egg-info' (and everything under it)
Copying build/bluerov/bluerov.egg-info to /home/malori/ros2_ws/bluerov/install/bluerov/lib/python3.12/site-packages/bluerov-0.0.0-py3.12.egg-info
running install_scripts
Installing data_collector script to /home/malori/ros2_ws/bluerov/install/bluerov/lib/bluerov
writing list of installed files to '/home/malori/ros2_ws/bluerov/build/bluerov/install.log'
