[1.041s] Invoking command in '/home/malori/ros2_ws/bluerov': DEBUGINFOD_URLS=https://debuginfod.ubuntu.com PYTHONPATH=/home/malori/ros2_ws/bluerov/build/bluerov/prefix_override:/usr/lib/python3/dist-packages/colcon_core/task/python/colcon_distutils_commands:/home/malori/ros2_ws/bluerov/install/bluerov/lib/python3.12/site-packages:${PYTHONPATH} /usr/bin/python3 -W ignore:setup.py install is deprecated -W ignore:easy_install command is deprecated setup.py egg_info --egg-base build/bluerov build --build-base /home/malori/ros2_ws/bluerov/build/bluerov/build install --record /home/malori/ros2_ws/bluerov/build/bluerov/install.log --single-version-externally-managed install_data
[1.317s] running egg_info
[1.331s] writing build/bluerov/bluerov.egg-info/PKG-INFO
[1.331s] writing dependency_links to build/bluerov/bluerov.egg-info/dependency_links.txt
[1.331s] writing entry points to build/bluerov/bluerov.egg-info/entry_points.txt
[1.331s] writing requirements to build/bluerov/bluerov.egg-info/requires.txt
[1.331s] writing top-level names to build/bluerov/bluerov.egg-info/top_level.txt
[1.359s] reading manifest file 'build/bluerov/bluerov.egg-info/SOURCES.txt'
[1.359s] adding license file 'LICENSE'
[1.360s] writing manifest file 'build/bluerov/bluerov.egg-info/SOURCES.txt'
[1.360s] running build
[1.360s] running build_py
[1.360s] running install
[1.365s] running install_lib
[1.379s] running install_data
[1.379s] running install_egg_info
[1.392s] removing '/home/malori/ros2_ws/bluerov/install/bluerov/lib/python3.12/site-packages/bluerov-0.0.0-py3.12.egg-info' (and everything under it)
[1.392s] Copying build/bluerov/bluerov.egg-info to /home/malori/ros2_ws/bluerov/install/bluerov/lib/python3.12/site-packages/bluerov-0.0.0-py3.12.egg-info
[1.393s] running install_scripts
[1.499s] Installing data_collector script to /home/malori/ros2_ws/bluerov/install/bluerov/lib/bluerov
[1.499s] writing list of installed files to '/home/malori/ros2_ws/bluerov/build/bluerov/install.log'
[1.591s] Invoked command in '/home/malori/ros2_ws/bluerov' returned '0': DEBUGINFOD_URLS=https://debuginfod.ubuntu.com PYTHONPATH=/home/malori/ros2_ws/bluerov/build/bluerov/prefix_override:/usr/lib/python3/dist-packages/colcon_core/task/python/colcon_distutils_commands:/home/malori/ros2_ws/bluerov/install/bluerov/lib/python3.12/site-packages:${PYTHONPATH} /usr/bin/python3 -W ignore:setup.py install is deprecated -W ignore:easy_install command is deprecated setup.py egg_info --egg-base build/bluerov build --build-base /home/malori/ros2_ws/bluerov/build/bluerov/build install --record /home/malori/ros2_ws/bluerov/build/bluerov/install.log --single-version-externally-managed install_data
