[0.935s] Invoking command in '/home/malori/ros2_ws/bluerov': DEBUGINFOD_URLS=https://debuginfod.ubuntu.com PYTHONPATH=/home/malori/ros2_ws/bluerov/build/bluerov/prefix_override:/usr/lib/python3/dist-packages/colcon_core/task/python/colcon_distutils_commands:/home/malori/ros2_ws/bluerov/install/bluerov/lib/python3.12/site-packages:${PYTHONPATH} /usr/bin/python3 -W ignore:setup.py install is deprecated -W ignore:easy_install command is deprecated setup.py egg_info --egg-base build/bluerov build --build-base /home/malori/ros2_ws/bluerov/build/bluerov/build install --record /home/malori/ros2_ws/bluerov/build/bluerov/install.log --single-version-externally-managed install_data
[1.087s] running egg_info
[1.096s] writing build/bluerov/bluerov.egg-info/PKG-INFO
[1.096s] writing dependency_links to build/bluerov/bluerov.egg-info/dependency_links.txt
[1.096s] writing entry points to build/bluerov/bluerov.egg-info/entry_points.txt
[1.097s] writing requirements to build/bluerov/bluerov.egg-info/requires.txt
[1.097s] writing top-level names to build/bluerov/bluerov.egg-info/top_level.txt
[1.120s] reading manifest file 'build/bluerov/bluerov.egg-info/SOURCES.txt'
[1.121s] adding license file 'LICENSE'
[1.121s] writing manifest file 'build/bluerov/bluerov.egg-info/SOURCES.txt'
[1.121s] running build
[1.121s] running build_py
[1.121s] copying bluerov/data_collector.py -> /home/malori/ros2_ws/bluerov/build/bluerov/build/lib/bluerov
[1.121s] running install
[1.126s] running install_lib
[1.137s] copying /home/malori/ros2_ws/bluerov/build/bluerov/build/lib/bluerov/data_collector.py -> /home/malori/ros2_ws/bluerov/install/bluerov/lib/python3.12/site-packages/bluerov
[1.137s] byte-compiling /home/malori/ros2_ws/bluerov/install/bluerov/lib/python3.12/site-packages/bluerov/data_collector.py to data_collector.cpython-312.pyc
[1.138s] running install_data
[1.138s] running install_egg_info
[1.150s] removing '/home/malori/ros2_ws/bluerov/install/bluerov/lib/python3.12/site-packages/bluerov-0.0.0-py3.12.egg-info' (and everything under it)
[1.150s] Copying build/bluerov/bluerov.egg-info to /home/malori/ros2_ws/bluerov/install/bluerov/lib/python3.12/site-packages/bluerov-0.0.0-py3.12.egg-info
[1.150s] running install_scripts
[1.240s] Installing data_collector script to /home/malori/ros2_ws/bluerov/install/bluerov/lib/bluerov
[1.240s] writing list of installed files to '/home/malori/ros2_ws/bluerov/build/bluerov/install.log'
[1.274s] Invoked command in '/home/malori/ros2_ws/bluerov' returned '0': DEBUGINFOD_URLS=https://debuginfod.ubuntu.com PYTHONPATH=/home/malori/ros2_ws/bluerov/build/bluerov/prefix_override:/usr/lib/python3/dist-packages/colcon_core/task/python/colcon_distutils_commands:/home/malori/ros2_ws/bluerov/install/bluerov/lib/python3.12/site-packages:${PYTHONPATH} /usr/bin/python3 -W ignore:setup.py install is deprecated -W ignore:easy_install command is deprecated setup.py egg_info --egg-base build/bluerov build --build-base /home/malori/ros2_ws/bluerov/build/bluerov/build install --record /home/malori/ros2_ws/bluerov/build/bluerov/install.log --single-version-externally-managed install_data
