running egg_info
creating build/bluerov/bluerov.egg-info
writing build/bluerov/bluerov.egg-info/PKG-INFO
writing dependency_links to build/bluerov/bluerov.egg-info/dependency_links.txt
writing entry points to build/bluerov/bluerov.egg-info/entry_points.txt
writing requirements to build/bluerov/bluerov.egg-info/requires.txt
writing top-level names to build/bluerov/bluerov.egg-info/top_level.txt
writing manifest file 'build/bluerov/bluerov.egg-info/SOURCES.txt'
reading manifest file 'build/bluerov/bluerov.egg-info/SOURCES.txt'
adding license file 'LICENSE'
writing manifest file 'build/bluerov/bluerov.egg-info/SOURCES.txt'
running build
running build_py
creating /home/malori/ros2_ws/bluerov/build/bluerov/build
creating /home/malori/ros2_ws/bluerov/build/bluerov/build/lib
creating /home/malori/ros2_ws/bluerov/build/bluerov/build/lib/bluerov
copying bluerov/data_collector.py -> /home/malori/ros2_ws/bluerov/build/bluerov/build/lib/bluerov
copying bluerov/__init__.py -> /home/malori/ros2_ws/bluerov/build/bluerov/build/lib/bluerov
running install
running install_lib
creating /home/malori/ros2_ws/bluerov/install/bluerov/lib/python3.12/site-packages/bluerov
copying /home/malori/ros2_ws/bluerov/build/bluerov/build/lib/bluerov/data_collector.py -> /home/malori/ros2_ws/bluerov/install/bluerov/lib/python3.12/site-packages/bluerov
copying /home/malori/ros2_ws/bluerov/build/bluerov/build/lib/bluerov/__init__.py -> /home/malori/ros2_ws/bluerov/install/bluerov/lib/python3.12/site-packages/bluerov
byte-compiling /home/malori/ros2_ws/bluerov/install/bluerov/lib/python3.12/site-packages/bluerov/data_collector.py to data_collector.cpython-312.pyc
byte-compiling /home/malori/ros2_ws/bluerov/install/bluerov/lib/python3.12/site-packages/bluerov/__init__.py to __init__.cpython-312.pyc
running install_data
creating /home/malori/ros2_ws/bluerov/install/bluerov/share/ament_index
creating /home/malori/ros2_ws/bluerov/install/bluerov/share/ament_index/resource_index
creating /home/malori/ros2_ws/bluerov/install/bluerov/share/ament_index/resource_index/packages
copying resource/bluerov -> /home/malori/ros2_ws/bluerov/install/bluerov/share/ament_index/resource_index/packages
copying package.xml -> /home/malori/ros2_ws/bluerov/install/bluerov/share/bluerov
running install_egg_info
Copying build/bluerov/bluerov.egg-info to /home/malori/ros2_ws/bluerov/install/bluerov/lib/python3.12/site-packages/bluerov-0.0.0-py3.12.egg-info
running install_scripts
Installing data_collector script to /home/malori/ros2_ws/bluerov/install/bluerov/lib/bluerov
writing list of installed files to '/home/malori/ros2_ws/bluerov/build/bluerov/install.log'
