[1.052s] Invoking command in '/home/malori/ros2_ws/bluerov': DEBUGINFOD_URLS=https://debuginfod.ubuntu.com PYTHONPATH=/home/malori/ros2_ws/bluerov/build/bluerov/prefix_override:/usr/lib/python3/dist-packages/colcon_core/task/python/colcon_distutils_commands:/home/malori/ros2_ws/bluerov/install/bluerov/lib/python3.12/site-packages:${PYTHONPATH} /usr/bin/python3 -W ignore:setup.py install is deprecated -W ignore:easy_install command is deprecated setup.py egg_info --egg-base build/bluerov build --build-base /home/malori/ros2_ws/bluerov/build/bluerov/build install --record /home/malori/ros2_ws/bluerov/build/bluerov/install.log --single-version-externally-managed install_data
[1.238s] running egg_info
[1.238s] creating build/bluerov/bluerov.egg-info
[1.247s] writing build/bluerov/bluerov.egg-info/PKG-INFO
[1.248s] writing dependency_links to build/bluerov/bluerov.egg-info/dependency_links.txt
[1.248s] writing entry points to build/bluerov/bluerov.egg-info/entry_points.txt
[1.248s] writing requirements to build/bluerov/bluerov.egg-info/requires.txt
[1.248s] writing top-level names to build/bluerov/bluerov.egg-info/top_level.txt
[1.248s] writing manifest file 'build/bluerov/bluerov.egg-info/SOURCES.txt'
[1.268s] reading manifest file 'build/bluerov/bluerov.egg-info/SOURCES.txt'
[1.268s] adding license file 'LICENSE'
[1.268s] writing manifest file 'build/bluerov/bluerov.egg-info/SOURCES.txt'
[1.268s] running build
[1.269s] running build_py
[1.269s] creating /home/malori/ros2_ws/bluerov/build/bluerov/build
[1.269s] creating /home/malori/ros2_ws/bluerov/build/bluerov/build/lib
[1.269s] creating /home/malori/ros2_ws/bluerov/build/bluerov/build/lib/bluerov
[1.269s] copying bluerov/data_collector.py -> /home/malori/ros2_ws/bluerov/build/bluerov/build/lib/bluerov
[1.269s] copying bluerov/__init__.py -> /home/malori/ros2_ws/bluerov/build/bluerov/build/lib/bluerov
[1.269s] running install
[1.273s] running install_lib
[1.282s] creating /home/malori/ros2_ws/bluerov/install/bluerov/lib/python3.12/site-packages/bluerov
[1.282s] copying /home/malori/ros2_ws/bluerov/build/bluerov/build/lib/bluerov/data_collector.py -> /home/malori/ros2_ws/bluerov/install/bluerov/lib/python3.12/site-packages/bluerov
[1.283s] copying /home/malori/ros2_ws/bluerov/build/bluerov/build/lib/bluerov/__init__.py -> /home/malori/ros2_ws/bluerov/install/bluerov/lib/python3.12/site-packages/bluerov
[1.283s] byte-compiling /home/malori/ros2_ws/bluerov/install/bluerov/lib/python3.12/site-packages/bluerov/data_collector.py to data_collector.cpython-312.pyc
[1.283s] byte-compiling /home/malori/ros2_ws/bluerov/install/bluerov/lib/python3.12/site-packages/bluerov/__init__.py to __init__.cpython-312.pyc
[1.283s] running install_data
[1.283s] creating /home/malori/ros2_ws/bluerov/install/bluerov/share/ament_index
[1.283s] creating /home/malori/ros2_ws/bluerov/install/bluerov/share/ament_index/resource_index
[1.284s] creating /home/malori/ros2_ws/bluerov/install/bluerov/share/ament_index/resource_index/packages
[1.284s] copying resource/bluerov -> /home/malori/ros2_ws/bluerov/install/bluerov/share/ament_index/resource_index/packages
[1.284s] copying package.xml -> /home/malori/ros2_ws/bluerov/install/bluerov/share/bluerov
[1.284s] running install_egg_info
[1.294s] Copying build/bluerov/bluerov.egg-info to /home/malori/ros2_ws/bluerov/install/bluerov/lib/python3.12/site-packages/bluerov-0.0.0-py3.12.egg-info
[1.295s] running install_scripts
[1.382s] Installing data_collector script to /home/malori/ros2_ws/bluerov/install/bluerov/lib/bluerov
[1.382s] writing list of installed files to '/home/malori/ros2_ws/bluerov/build/bluerov/install.log'
[1.416s] Invoked command in '/home/malori/ros2_ws/bluerov' returned '0': DEBUGINFOD_URLS=https://debuginfod.ubuntu.com PYTHONPATH=/home/malori/ros2_ws/bluerov/build/bluerov/prefix_override:/usr/lib/python3/dist-packages/colcon_core/task/python/colcon_distutils_commands:/home/malori/ros2_ws/bluerov/install/bluerov/lib/python3.12/site-packages:${PYTHONPATH} /usr/bin/python3 -W ignore:setup.py install is deprecated -W ignore:easy_install command is deprecated setup.py egg_info --egg-base build/bluerov build --build-base /home/malori/ros2_ws/bluerov/build/bluerov/build install --record /home/malori/ros2_ws/bluerov/build/bluerov/install.log --single-version-externally-managed install_data
